<?xml version="1.0" encoding="UTF-8"?>
<robot generator="Robot 6.0.2 (Python 3.10.10 on win32)" generated="20241028 14:56:09.195" rpa="false" schemaversion="3">
<suite id="s1" name="Browser" source="C:\Users\ARTIN\Documents\Sanae\RobotFramework\Browser_Library\Browser.robot">
<test id="s1-t1" name="Login" line="7">
<kw name="Open Browser" library="Browser">
<arg>${URL}</arg>
<tag>BrowserControl</tag>
<tag>Setter</tag>
<doc>Opens a new browser instance. Use this keyword for quick experiments or debugging sessions.</doc>
<msg timestamp="20241028 14:56:09.932" level="WARN">Open Browser is for quick experimentation and debugging only. Use New Page for production.</msg>
<msg timestamp="20241028 14:56:09.934" level="INFO">{"browser": "chromium", "headless": false, "chromiumSandbox": false, "devtools": false, "handleSIGHUP": true, "handleSIGINT": true, "handleSIGTERM": true, "slowMo": 0.0, "timeout": 30000.0, "tracesDir": "C:\\Users\\ARTIN\\Documents\\Sanae\\RobotFramework\\Browser_Library\\browser\\traces\\f4ca1d9f-f03b-491a-8280-e92909f00bd2"}</msg>
<msg timestamp="20241028 14:56:10.347" level="INFO">Successfully created browser with options: {"browser":"chromium","headless":false,"chromiumSandbox":false,"devtools":false,"handleSIGHUP":true,"handleSIGINT":true,"handleSIGTERM":true,"slowMo":0,"timeout":30000,"tracesDir":"C:\\Users\\ARTIN\\Documents\\Sanae\\RobotFramework\\Browser_Library\\browser\\traces\\f4ca1d9f-f03b-491a-8280-e92909f00bd2"}</msg>
<msg timestamp="20241028 14:56:10.348" level="INFO">{
  "acceptDownloads": true,
  "bypassCSP": true,
  "forcedColors": "none",
  "ignoreHTTPSErrors": false,
  "javaScriptEnabled": true,
  "offline": false,
  "reducedMotion": "no-preference",
  "serviceWorkers": "allow",
  "viewport": {
    "height": 720,
    "width": 1280
  }
}</msg>
<msg timestamp="20241028 14:56:10.385" level="INFO">Successfully created context. </msg>
<msg timestamp="20241028 14:56:10.385" level="INFO">{'acceptDownloads': True, 'bypassCSP': True, 'forcedColors': 'none', 'ignoreHTTPSErrors': False, 'javaScriptEnabled': True, 'offline': False, 'reducedMotion': 'no-preference', 'serviceWorkers': 'allow', 'viewport': {'height': 720, 'width': 1280}}</msg>
<msg timestamp="20241028 14:56:12.589" level="INFO">Successfully initialized new page object and opened url: https://www.alza.sk/</msg>
<status status="PASS" starttime="20241028 14:56:09.932" endtime="20241028 14:56:12.590"/>
</kw>
<kw name="Click" library="Browser">
<arg>//span[@title='Prihlásiť sa']</arg>
<tag>PageContent</tag>
<tag>Setter</tag>
<doc>Simulates mouse click on the element found by ``selector``.</doc>
<status status="PASS" starttime="20241028 14:56:12.591" endtime="20241028 14:56:13.197"/>
</kw>
<kw name="Sleep" library="BuiltIn">
<arg>10s</arg>
<doc>Pauses the test executed for the given time.</doc>
<msg timestamp="20241028 14:56:23.206" level="INFO">Slept 10 seconds</msg>
<status status="PASS" starttime="20241028 14:56:13.198" endtime="20241028 14:56:23.206"/>
</kw>
<status status="PASS" starttime="20241028 14:56:09.929" endtime="20241028 14:56:23.207"/>
</test>
<status status="PASS" starttime="20241028 14:56:09.196" endtime="20241028 14:56:23.289"/>
</suite>
<statistics>
<total>
<stat pass="1" fail="0" skip="0">All Tests</stat>
</total>
<tag>
</tag>
<suite>
<stat pass="1" fail="0" skip="0" id="s1" name="Browser">Browser</stat>
</suite>
</statistics>
<errors>
<msg timestamp="20241028 14:56:09.932" level="WARN">Open Browser is for quick experimentation and debugging only. Use New Page for production.</msg>
</errors>
</robot>
